
number of parameters: 7.060199e+07
number of parameters: 7.060199e+07
Pretrained weights loaded.
evaluation_t.py:196: FutureWarning: You are using `torch.load` with `weights_only=False` (the current default value), which uses the default pickle module implicitly. It is possible to construct malicious pickle data which will execute arbitrary code during unpickling (See https://github.com/pytorch/pytorch/blob/main/SECURITY.md#untrusted-models for more details). In a future release, the default value for `weights_only` will be flipped to `True`. This limits the functions that could be executed during unpickling. Arbitrary objects will no longer be allowed to be loaded via this mode unless they are explicitly allowlisted by the user via `torch.serialization.add_safe_globals`. We recommend you start setting `weights_only=True` for any use case where you don't have full control of the loaded file. Please open an issue on GitHub for any issues related to this experimental feature.
  encoder.load_state_dict(torch.load('output/scene_encoder/t_se_20000_50e.pth'))
evaluation_t.py:211: FutureWarning: You are using `torch.load` with `weights_only=False` (the current default value), which uses the default pickle module implicitly. It is possible to construct malicious pickle data which will execute arbitrary code during unpickling (See https://github.com/pytorch/pytorch/blob/main/SECURITY.md#untrusted-models for more details). In a future release, the default value for `weights_only` will be flipped to `True`. This limits the functions that could be executed during unpickling. Arbitrary objects will no longer be allowed to be loaded via this mode unless they are explicitly allowlisted by the user via `torch.serialization.add_safe_globals`. We recommend you start setting `weights_only=True` for any use case where you don't have full control of the loaded file. Please open an issue on GitHub for any issues related to this experimental feature.
  l_film_generator.load_state_dict(torch.load(f'output/mlp/t_legibility_300e_{i}.pt'))
evaluation_t.py:223: FutureWarning: You are using `torch.load` with `weights_only=False` (the current default value), which uses the default pickle module implicitly. It is possible to construct malicious pickle data which will execute arbitrary code during unpickling (See https://github.com/pytorch/pytorch/blob/main/SECURITY.md#untrusted-models for more details). In a future release, the default value for `weights_only` will be flipped to `True`. This limits the functions that could be executed during unpickling. Arbitrary objects will no longer be allowed to be loaded via this mode unless they are explicitly allowlisted by the user via `torch.serialization.add_safe_globals`. We recommend you start setting `weights_only=True` for any use case where you don't have full control of the loaded file. Please open an issue on GitHub for any issues related to this experimental feature.
  p_film_generator.load_state_dict(torch.load(f'output/mlp/t_predictability_300e_{i}.pt'))
--- Processing Seed 1 ---
Goal Config: [ 2.  -0.2] and [2.  0.2]
/home/isir_2023/diffusion_policy_legibility/utils/inference_utils_t.py:36: UserWarning: Creating a tensor from a list of numpy.ndarrays is extremely slow. Please consider converting the list to a single numpy.ndarray with numpy.array() before converting to a tensor. (Triggered internally at ../torch/csrc/utils/tensor_new.cpp:278.)
  goal_tensor = torch.tensor([goal_1], dtype=torch.float32, device=device)
number of parameters: 7.060199e+07
number of parameters: 7.060199e+07
Pretrained weights loaded.
--- Processing Seed 2 ---
Goal Config: [ 1.55 -0.4 ] and [ 1.6 -0.2]
number of parameters: 7.060199e+07
number of parameters: 7.060199e+07
Pretrained weights loaded.
--- Processing Seed 3 ---
Goal Config: [2.2 0.1] and [2.1 0.4]
number of parameters: 7.060199e+07
number of parameters: 7.060199e+07
Pretrained weights loaded.
--- Processing Seed 4 ---
Goal Config: [ 1.5 -1. ] and [1.5 1. ]
number of parameters: 7.060199e+07
number of parameters: 7.060199e+07
Pretrained weights loaded.
--- Processing Seed 5 ---
Goal Config: [ 1.8 -0.7] and [1.8 0.7]
number of parameters: 7.060199e+07
number of parameters: 7.060199e+07
Pretrained weights loaded.
--- Processing Seed 6 ---
Goal Config: [ 1.7 -0.8] and [2.2 0.9]

==================================================
FINAL AGGREGATED RESULTS (Across 6 Goal Configs)
==================================================

================================================================================
SPLIT ANALYSIS: Configs 1-3 vs Configs 4-6
================================================================================

--- Success Rates ---
Method               | Configs 1-3 (Mean +/- Std)   | Configs 4-6 (Mean +/- Std)  
----------------------------------------------------------------------------------
SANS cond            | 1.0000 +/- 0.0000              | 1.0000 +/- 0.0000
l_FiLM               | 1.0000 +/- 0.0000              | 1.0000 +/- 0.0000
p_FiLM               | 1.0000 +/- 0.0000              | 1.0000 +/- 0.0000
Legibility Diff      | 1.0000 +/- 0.0000              | 1.0000 +/- 0.0000

--- Normalized Distances to negative goal ---
Method               | Configs 1-3 (Mean +/- Std)   | Configs 4-6 (Mean +/- Std)  
----------------------------------------------------------------------------------
SANS cond            | 0.4235 +/- 0.0284              | 0.5775 +/- 0.1625
l_FiLM               | 0.6425 +/- 0.0273              | 0.8349 +/- 0.1913
p_FiLM               | 0.3112 +/- 0.0083              | 0.5540 +/- 0.1431
Legibility Diff      | 0.8507 +/- 0.0431              | 1.0601 +/- 0.2819

--- Normalized Lengths ---
Method               | Configs 1-3 (Mean +/- Std)   | Configs 4-6 (Mean +/- Std)  
----------------------------------------------------------------------------------
SANS cond            | 0.7783 +/- 0.0531              | 0.6094 +/- 0.0429
l_FiLM               | 0.4688 +/- 0.0507              | 0.3653 +/- 0.0584
p_FiLM               | 1.0278 +/- 0.0473              | 0.8513 +/- 0.0837
Legibility Diff      | 0.0184 +/- 0.0332              | -0.3669 +/- 0.1936
{'without': [0.7909992705412369, 0.8361258068152712, 0.7078799879227792, 0.6114331196337995, 0.6608169475888975, 0.5558958455099958], 'l_film': [0.4515188203244867, 0.5377198247920213, 0.4172406913172986, 0.29105845435774635, 0.43369384346941586, 0.3711864215467686], 'p_film': [1.063046083057727, 1.0594218719877022, 0.9608697513478526, 0.7997234345198243, 0.9693825915159233, 0.7848065031629335], 'ld': [-0.00718400484715926, 0.0652743252153391, -0.00274609194991448, -0.5988710637709188, -0.3769113240242238, -0.12492850551832677]}
number of parameters: 7.060199e+07
number of parameters: 7.060199e+07
Pretrained weights loaded.
evaluation_t.py:197: FutureWarning: You are using `torch.load` with `weights_only=False` (the current default value), which uses the default pickle module implicitly. It is possible to construct malicious pickle data which will execute arbitrary code during unpickling (See https://github.com/pytorch/pytorch/blob/main/SECURITY.md#untrusted-models for more details). In a future release, the default value for `weights_only` will be flipped to `True`. This limits the functions that could be executed during unpickling. Arbitrary objects will no longer be allowed to be loaded via this mode unless they are explicitly allowlisted by the user via `torch.serialization.add_safe_globals`. We recommend you start setting `weights_only=True` for any use case where you don't have full control of the loaded file. Please open an issue on GitHub for any issues related to this experimental feature.
  encoder.load_state_dict(torch.load('output/scene_encoder/t_se_20000_50e.pth'))
evaluation_t.py:212: FutureWarning: You are using `torch.load` with `weights_only=False` (the current default value), which uses the default pickle module implicitly. It is possible to construct malicious pickle data which will execute arbitrary code during unpickling (See https://github.com/pytorch/pytorch/blob/main/SECURITY.md#untrusted-models for more details). In a future release, the default value for `weights_only` will be flipped to `True`. This limits the functions that could be executed during unpickling. Arbitrary objects will no longer be allowed to be loaded via this mode unless they are explicitly allowlisted by the user via `torch.serialization.add_safe_globals`. We recommend you start setting `weights_only=True` for any use case where you don't have full control of the loaded file. Please open an issue on GitHub for any issues related to this experimental feature.
  l_film_generator.load_state_dict(torch.load(f'output/mlp/t_legibility_300e_{i}.pt'))
evaluation_t.py:224: FutureWarning: You are using `torch.load` with `weights_only=False` (the current default value), which uses the default pickle module implicitly. It is possible to construct malicious pickle data which will execute arbitrary code during unpickling (See https://github.com/pytorch/pytorch/blob/main/SECURITY.md#untrusted-models for more details). In a future release, the default value for `weights_only` will be flipped to `True`. This limits the functions that could be executed during unpickling. Arbitrary objects will no longer be allowed to be loaded via this mode unless they are explicitly allowlisted by the user via `torch.serialization.add_safe_globals`. We recommend you start setting `weights_only=True` for any use case where you don't have full control of the loaded file. Please open an issue on GitHub for any issues related to this experimental feature.
  p_film_generator.load_state_dict(torch.load(f'output/mlp/t_predictability_300e_{i}.pt'))
--- Processing Seed 1 ---
Goal Config: [ 2.  -0.2] and [2.  0.2]
/home/isir_2023/diffusion_policy_legibility/utils/inference_utils_t.py:36: UserWarning: Creating a tensor from a list of numpy.ndarrays is extremely slow. Please consider converting the list to a single numpy.ndarray with numpy.array() before converting to a tensor. (Triggered internally at ../torch/csrc/utils/tensor_new.cpp:278.)
  goal_tensor = torch.tensor([goal_1], dtype=torch.float32, device=device)
number of parameters: 7.060199e+07
number of parameters: 7.060199e+07
Pretrained weights loaded.
--- Processing Seed 2 ---
Goal Config: [ 1.55 -0.4 ] and [ 1.6 -0.2]
number of parameters: 7.060199e+07
number of parameters: 7.060199e+07
Pretrained weights loaded.
--- Processing Seed 3 ---
Goal Config: [2.2 0.1] and [2.1 0.4]
number of parameters: 7.060199e+07
number of parameters: 7.060199e+07
Pretrained weights loaded.
--- Processing Seed 4 ---
Goal Config: [ 1.5 -1. ] and [1.5 1. ]
number of parameters: 7.060199e+07
number of parameters: 7.060199e+07
Pretrained weights loaded.
--- Processing Seed 5 ---
Goal Config: [ 1.8 -0.7] and [1.8 0.7]
number of parameters: 7.060199e+07
number of parameters: 7.060199e+07
Pretrained weights loaded.
--- Processing Seed 6 ---
Goal Config: [ 1.7 -0.8] and [2.2 0.9]

==================================================
FINAL AGGREGATED RESULTS (Across 6 Goal Configs)
==================================================

================================================================================
SPLIT ANALYSIS: Configs 1-3 vs Configs 4-6
================================================================================

--- Success Rates ---
Method               | Configs 1-3 (Mean +/- Std)   | Configs 4-6 (Mean +/- Std)  
----------------------------------------------------------------------------------
SANS cond            | 1.0000 +/- 0.0000              | 1.0000 +/- 0.0000
l_FiLM               | 1.0000 +/- 0.0000              | 1.0000 +/- 0.0000
p_FiLM               | 1.0000 +/- 0.0000              | 1.0000 +/- 0.0000
Legibility Diff      | 1.0000 +/- 0.0000              | 1.0000 +/- 0.0000

--- Normalized Distances to negative goal ---
Method               | Configs 1-3 (Mean +/- Std)   | Configs 4-6 (Mean +/- Std)  
----------------------------------------------------------------------------------
SANS cond            | 0.4209 +/- 0.0369              | 0.5740 +/- 0.1579
l_FiLM               | 0.6816 +/- 0.0173              | 0.8514 +/- 0.1901
p_FiLM               | 0.3096 +/- 0.0191              | 0.5655 +/- 0.1329
Legibility Diff      | 0.8442 +/- 0.0312              | 1.0579 +/- 0.2858

--- Detachment Scores ---
Method               | Configs 1-3 (Mean +/- Std)   | Configs 4-6 (Mean +/- Std)  
----------------------------------------------------------------------------------
SANS cond            | 33.5144 +/- 5.8566              | 6.3673 +/- 0.9063
l_FiLM               | 34.5088 +/- 5.8952              | 6.7504 +/- 1.0121
p_FiLM               | 33.0604 +/- 5.8082              | 6.3635 +/- 0.9296
Legibility Diff      | 35.1436 +/- 5.8615              | 7.0135 +/- 1.0033

--- Normalized Lengths ---
Method               | Configs 1-3 (Mean +/- Std)   | Configs 4-6 (Mean +/- Std)  
----------------------------------------------------------------------------------
SANS cond            | 0.7560 +/- 0.0929              | 0.6212 +/- 0.1609
l_FiLM               | 0.4161 +/- 0.0419              | 0.3419 +/- 0.0644
p_FiLM               | 1.0312 +/- 0.0219              | 0.8537 +/- 0.1360
Legibility Diff      | 0.0427 +/- 0.0308              | -0.3535 +/- 0.1873
{'without': [0.7968049811981274, 0.8437166964316479, 0.6274015779847119, 0.4316600573105097, 0.8250131091990485, 0.6069180918894809], 'l_film': [0.44239757670649593, 0.44891895922701364, 0.35695034191273106, 0.2512937667579548, 0.3788527857732431, 0.39540639914502235], 'p_film': [1.0431272973740295, 1.050043343472109, 1.0005720864153056, 0.7535652792145531, 1.0459972865022211, 0.7614931162491947], 'ld': [0.037347738587576014, 0.08290248755219763, 0.007957335980846058, -0.5759107203509443, -0.36687214282988695, -0.11774431778939258]}
number of parameters: 7.060199e+07
number of parameters: 7.060199e+07
Pretrained weights loaded.
evaluation_t.py:232: FutureWarning: You are using `torch.load` with `weights_only=False` (the current default value), which uses the default pickle module implicitly. It is possible to construct malicious pickle data which will execute arbitrary code during unpickling (See https://github.com/pytorch/pytorch/blob/main/SECURITY.md#untrusted-models for more details). In a future release, the default value for `weights_only` will be flipped to `True`. This limits the functions that could be executed during unpickling. Arbitrary objects will no longer be allowed to be loaded via this mode unless they are explicitly allowlisted by the user via `torch.serialization.add_safe_globals`. We recommend you start setting `weights_only=True` for any use case where you don't have full control of the loaded file. Please open an issue on GitHub for any issues related to this experimental feature.
  encoder.load_state_dict(torch.load('output/scene_encoder/t_se_20000_50e.pth'))
evaluation_t.py:247: FutureWarning: You are using `torch.load` with `weights_only=False` (the current default value), which uses the default pickle module implicitly. It is possible to construct malicious pickle data which will execute arbitrary code during unpickling (See https://github.com/pytorch/pytorch/blob/main/SECURITY.md#untrusted-models for more details). In a future release, the default value for `weights_only` will be flipped to `True`. This limits the functions that could be executed during unpickling. Arbitrary objects will no longer be allowed to be loaded via this mode unless they are explicitly allowlisted by the user via `torch.serialization.add_safe_globals`. We recommend you start setting `weights_only=True` for any use case where you don't have full control of the loaded file. Please open an issue on GitHub for any issues related to this experimental feature.
  l_film_generator.load_state_dict(torch.load(f'output/mlp/t_legibility_300e_{i}.pt'))
evaluation_t.py:259: FutureWarning: You are using `torch.load` with `weights_only=False` (the current default value), which uses the default pickle module implicitly. It is possible to construct malicious pickle data which will execute arbitrary code during unpickling (See https://github.com/pytorch/pytorch/blob/main/SECURITY.md#untrusted-models for more details). In a future release, the default value for `weights_only` will be flipped to `True`. This limits the functions that could be executed during unpickling. Arbitrary objects will no longer be allowed to be loaded via this mode unless they are explicitly allowlisted by the user via `torch.serialization.add_safe_globals`. We recommend you start setting `weights_only=True` for any use case where you don't have full control of the loaded file. Please open an issue on GitHub for any issues related to this experimental feature.
  p_film_generator.load_state_dict(torch.load(f'output/mlp/t_predictability_300e_{i}.pt'))
--- Processing Seed 1 ---
Goal Config: [ 2.  -0.2] and [2.  0.2]
/home/isir_2023/diffusion_policy_legibility/utils/inference_utils_t.py:36: UserWarning: Creating a tensor from a list of numpy.ndarrays is extremely slow. Please consider converting the list to a single numpy.ndarray with numpy.array() before converting to a tensor. (Triggered internally at ../torch/csrc/utils/tensor_new.cpp:278.)
  goal_tensor = torch.tensor([goal_1], dtype=torch.float32, device=device)
Traceback (most recent call last):
  File "evaluation_t.py", line 361, in <module>
    dets_l_film.append(compute_total_clarity(traj_l_film_norm, goal_1, goal_2))
  File "evaluation_t.py", line 72, in compute_total_clarity
    distances = np.linalg.norm(trajectory - goal_minus, axis=1)
ValueError: operands could not be broadcast together with shapes (200,3) (2,) 
number of parameters: 7.060199e+07
number of parameters: 7.060199e+07
Pretrained weights loaded.
evaluation_t.py:232: FutureWarning: You are using `torch.load` with `weights_only=False` (the current default value), which uses the default pickle module implicitly. It is possible to construct malicious pickle data which will execute arbitrary code during unpickling (See https://github.com/pytorch/pytorch/blob/main/SECURITY.md#untrusted-models for more details). In a future release, the default value for `weights_only` will be flipped to `True`. This limits the functions that could be executed during unpickling. Arbitrary objects will no longer be allowed to be loaded via this mode unless they are explicitly allowlisted by the user via `torch.serialization.add_safe_globals`. We recommend you start setting `weights_only=True` for any use case where you don't have full control of the loaded file. Please open an issue on GitHub for any issues related to this experimental feature.
  encoder.load_state_dict(torch.load('output/scene_encoder/t_se_20000_50e.pth'))
evaluation_t.py:247: FutureWarning: You are using `torch.load` with `weights_only=False` (the current default value), which uses the default pickle module implicitly. It is possible to construct malicious pickle data which will execute arbitrary code during unpickling (See https://github.com/pytorch/pytorch/blob/main/SECURITY.md#untrusted-models for more details). In a future release, the default value for `weights_only` will be flipped to `True`. This limits the functions that could be executed during unpickling. Arbitrary objects will no longer be allowed to be loaded via this mode unless they are explicitly allowlisted by the user via `torch.serialization.add_safe_globals`. We recommend you start setting `weights_only=True` for any use case where you don't have full control of the loaded file. Please open an issue on GitHub for any issues related to this experimental feature.
  l_film_generator.load_state_dict(torch.load(f'output/mlp/t_legibility_300e_{i}.pt'))
evaluation_t.py:259: FutureWarning: You are using `torch.load` with `weights_only=False` (the current default value), which uses the default pickle module implicitly. It is possible to construct malicious pickle data which will execute arbitrary code during unpickling (See https://github.com/pytorch/pytorch/blob/main/SECURITY.md#untrusted-models for more details). In a future release, the default value for `weights_only` will be flipped to `True`. This limits the functions that could be executed during unpickling. Arbitrary objects will no longer be allowed to be loaded via this mode unless they are explicitly allowlisted by the user via `torch.serialization.add_safe_globals`. We recommend you start setting `weights_only=True` for any use case where you don't have full control of the loaded file. Please open an issue on GitHub for any issues related to this experimental feature.
  p_film_generator.load_state_dict(torch.load(f'output/mlp/t_predictability_300e_{i}.pt'))
--- Processing Seed 1 ---
Goal Config: [ 2.  -0.2] and [2.  0.2]
/home/isir_2023/diffusion_policy_legibility/utils/inference_utils_t.py:36: UserWarning: Creating a tensor from a list of numpy.ndarrays is extremely slow. Please consider converting the list to a single numpy.ndarray with numpy.array() before converting to a tensor. (Triggered internally at ../torch/csrc/utils/tensor_new.cpp:278.)
  goal_tensor = torch.tensor([goal_1], dtype=torch.float32, device=device)
Traceback (most recent call last):
  File "evaluation_t.py", line 361, in <module>
    dets_l_film.append(compute_total_clarity(traj_l_film_norm, goal_1, goal_2))
  File "evaluation_t.py", line 72, in compute_total_clarity
    distances = np.linalg.norm(trajectory[:, :2] - goal_minus[:2], axis=1)
ValueError: operands could not be broadcast together with shapes (200,3) (2,) 
number of parameters: 7.060199e+07
number of parameters: 7.060199e+07
Pretrained weights loaded.
evaluation_t.py:235: FutureWarning: You are using `torch.load` with `weights_only=False` (the current default value), which uses the default pickle module implicitly. It is possible to construct malicious pickle data which will execute arbitrary code during unpickling (See https://github.com/pytorch/pytorch/blob/main/SECURITY.md#untrusted-models for more details). In a future release, the default value for `weights_only` will be flipped to `True`. This limits the functions that could be executed during unpickling. Arbitrary objects will no longer be allowed to be loaded via this mode unless they are explicitly allowlisted by the user via `torch.serialization.add_safe_globals`. We recommend you start setting `weights_only=True` for any use case where you don't have full control of the loaded file. Please open an issue on GitHub for any issues related to this experimental feature.
  encoder.load_state_dict(torch.load('output/scene_encoder/t_se_20000_50e.pth'))
evaluation_t.py:250: FutureWarning: You are using `torch.load` with `weights_only=False` (the current default value), which uses the default pickle module implicitly. It is possible to construct malicious pickle data which will execute arbitrary code during unpickling (See https://github.com/pytorch/pytorch/blob/main/SECURITY.md#untrusted-models for more details). In a future release, the default value for `weights_only` will be flipped to `True`. This limits the functions that could be executed during unpickling. Arbitrary objects will no longer be allowed to be loaded via this mode unless they are explicitly allowlisted by the user via `torch.serialization.add_safe_globals`. We recommend you start setting `weights_only=True` for any use case where you don't have full control of the loaded file. Please open an issue on GitHub for any issues related to this experimental feature.
  l_film_generator.load_state_dict(torch.load(f'output/mlp/t_legibility_300e_{i}.pt'))
evaluation_t.py:262: FutureWarning: You are using `torch.load` with `weights_only=False` (the current default value), which uses the default pickle module implicitly. It is possible to construct malicious pickle data which will execute arbitrary code during unpickling (See https://github.com/pytorch/pytorch/blob/main/SECURITY.md#untrusted-models for more details). In a future release, the default value for `weights_only` will be flipped to `True`. This limits the functions that could be executed during unpickling. Arbitrary objects will no longer be allowed to be loaded via this mode unless they are explicitly allowlisted by the user via `torch.serialization.add_safe_globals`. We recommend you start setting `weights_only=True` for any use case where you don't have full control of the loaded file. Please open an issue on GitHub for any issues related to this experimental feature.
  p_film_generator.load_state_dict(torch.load(f'output/mlp/t_predictability_300e_{i}.pt'))
--- Processing Seed 1 ---
Goal Config: [ 2.  -0.2] and [2.  0.2]
/home/isir_2023/diffusion_policy_legibility/utils/inference_utils_t.py:36: UserWarning: Creating a tensor from a list of numpy.ndarrays is extremely slow. Please consider converting the list to a single numpy.ndarray with numpy.array() before converting to a tensor. (Triggered internally at ../torch/csrc/utils/tensor_new.cpp:278.)
  goal_tensor = torch.tensor([goal_1], dtype=torch.float32, device=device)
number of parameters: 7.060199e+07
number of parameters: 7.060199e+07
Pretrained weights loaded.
--- Processing Seed 2 ---
Goal Config: [ 1.55 -0.4 ] and [ 1.6 -0.2]
number of parameters: 7.060199e+07
number of parameters: 7.060199e+07
Pretrained weights loaded.
--- Processing Seed 3 ---
Goal Config: [2.2 0.1] and [2.1 0.4]
number of parameters: 7.060199e+07
number of parameters: 7.060199e+07
Pretrained weights loaded.
--- Processing Seed 4 ---
Goal Config: [ 1.5 -1. ] and [1.5 1. ]
number of parameters: 7.060199e+07
number of parameters: 7.060199e+07
Pretrained weights loaded.
--- Processing Seed 5 ---
Goal Config: [ 1.8 -0.7] and [1.8 0.7]
number of parameters: 7.060199e+07
number of parameters: 7.060199e+07
Pretrained weights loaded.
--- Processing Seed 6 ---
Goal Config: [ 1.7 -0.8] and [2.2 0.9]

==================================================
FINAL AGGREGATED RESULTS (Across 6 Goal Configs)
==================================================

================================================================================
SPLIT ANALYSIS: Configs 1-3 vs Configs 4-6
================================================================================

--- Success Rates ---
Method               | Configs 1-3 (Mean +/- Std)   | Configs 4-6 (Mean +/- Std)  
----------------------------------------------------------------------------------
SANS cond            | 1.0000 +/- 0.0000              | 1.0000 +/- 0.0000
l_FiLM               | 1.0000 +/- 0.0000              | 1.0000 +/- 0.0000
p_FiLM               | 1.0000 +/- 0.0000              | 1.0000 +/- 0.0000
Legibility Diff      | 1.0000 +/- 0.0000              | 1.0000 +/- 0.0000

--- Normalized Distances to negative goal ---
Method               | Configs 1-3 (Mean +/- Std)   | Configs 4-6 (Mean +/- Std)  
----------------------------------------------------------------------------------
SANS cond            | 0.3738 +/- 0.0256              | 0.5523 +/- 0.1215
l_FiLM               | 0.6002 +/- 0.0120              | 0.8739 +/- 0.1681
p_FiLM               | 0.3178 +/- 0.0040              | 0.5879 +/- 0.1321
Legibility Diff      | 0.8214 +/- 0.0121              | 1.0811 +/- 0.2504

--- Detachment Scores (no norm) ---
Method               | Configs 1-3 (Mean +/- Std)   | Configs 4-6 (Mean +/- Std)  
----------------------------------------------------------------------------------
SANS cond            | 10.0919 +/- 1.2292              | 12.3157 +/- 0.8092
l_FiLM               | 10.3697 +/- 1.3188              | 13.0213 +/- 0.8192
p_FiLM               | 10.0314 +/- 1.2331              | 12.3657 +/- 0.7445
Legibility Diff      | 10.6319 +/- 1.3769              | 13.4838 +/- 0.8695

--- Detachment Scores ---
Method               | Configs 1-3 (Mean +/- Std)   | Configs 4-6 (Mean +/- Std)  
----------------------------------------------------------------------------------
SANS cond            | 0.3742 +/- 0.0251              | 0.5794 +/- 0.1542
l_FiLM               | 0.6000 +/- 0.0121              | 0.8976 +/- 0.2050
p_FiLM               | 0.3182 +/- 0.0042              | 0.6152 +/- 0.1669
Legibility Diff      | 0.8206 +/- 0.0125              | 1.1025 +/- 0.2894

--- Normalized Lengths ---
Method               | Configs 1-3 (Mean +/- Std)   | Configs 4-6 (Mean +/- Std)  
----------------------------------------------------------------------------------
SANS cond            | 0.8107 +/- 0.0294              | 0.6728 +/- 0.1173
l_FiLM               | 0.5186 +/- 0.0890              | 0.3554 +/- 0.0544
p_FiLM               | 1.0222 +/- 0.0494              | 0.9013 +/- 0.1044
Legibility Diff      | 0.0594 +/- 0.0381              | -0.3665 +/- 0.1840

number of parameters: 7.075252e+07
number of parameters: 7.075252e+07
Pretrained weights loaded.
eval_multi_f.py:164: FutureWarning: You are using `torch.load` with `weights_only=False` (the current default value), which uses the default pickle module implicitly. It is possible to construct malicious pickle data which will execute arbitrary code during unpickling (See https://github.com/pytorch/pytorch/blob/main/SECURITY.md#untrusted-models for more details). In a future release, the default value for `weights_only` will be flipped to `True`. This limits the functions that could be executed during unpickling. Arbitrary objects will no longer be allowed to be loaded via this mode unless they are explicitly allowlisted by the user via `torch.serialization.add_safe_globals`. We recommend you start setting `weights_only=True` for any use case where you don't have full control of the loaded file. Please open an issue on GitHub for any issues related to this experimental feature.
  encoder.load_state_dict(torch.load('output/scene_encoder/se_20000_50e.pth'))
eval_multi_f.py:176: FutureWarning: You are using `torch.load` with `weights_only=False` (the current default value), which uses the default pickle module implicitly. It is possible to construct malicious pickle data which will execute arbitrary code during unpickling (See https://github.com/pytorch/pytorch/blob/main/SECURITY.md#untrusted-models for more details). In a future release, the default value for `weights_only` will be flipped to `True`. This limits the functions that could be executed during unpickling. Arbitrary objects will no longer be allowed to be loaded via this mode unless they are explicitly allowlisted by the user via `torch.serialization.add_safe_globals`. We recommend you start setting `weights_only=True` for any use case where you don't have full control of the loaded file. Please open an issue on GitHub for any issues related to this experimental feature.
  l_film_generator.load_state_dict(torch.load(f'output/mlp/f_legibility_300e_{i}.pt'))
eval_multi_f.py:188: FutureWarning: You are using `torch.load` with `weights_only=False` (the current default value), which uses the default pickle module implicitly. It is possible to construct malicious pickle data which will execute arbitrary code during unpickling (See https://github.com/pytorch/pytorch/blob/main/SECURITY.md#untrusted-models for more details). In a future release, the default value for `weights_only` will be flipped to `True`. This limits the functions that could be executed during unpickling. Arbitrary objects will no longer be allowed to be loaded via this mode unless they are explicitly allowlisted by the user via `torch.serialization.add_safe_globals`. We recommend you start setting `weights_only=True` for any use case where you don't have full control of the loaded file. Please open an issue on GitHub for any issues related to this experimental feature.
  p_film_generator.load_state_dict(torch.load(f'output/mlp/f_predictability_300e_{i}.pt'))
--- Processing Seed 1 ---
Goal Config: [ 0.5 -0.1  0.1] and [0.5 0.1 0.1]
/home/isir_2023/diffusion_policy_legibility/utils/inference_utils.py:36: UserWarning: Creating a tensor from a list of numpy.ndarrays is extremely slow. Please consider converting the list to a single numpy.ndarray with numpy.array() before converting to a tensor. (Triggered internally at ../torch/csrc/utils/tensor_new.cpp:278.)
  obj_tensor = torch.as_tensor([goal_2], dtype=torch.float32, device=device).unsqueeze(0)
DP + Legibility: no success.
number of parameters: 7.075252e+07
number of parameters: 7.075252e+07
Pretrained weights loaded.
--- Processing Seed 2 ---
Goal Config: [ 0.55 -0.2   0.1 ] and [ 0.55 -0.1   0.1 ]
Diffusion Policy: no success.
Diffusion Policy: no success.
number of parameters: 7.075252e+07
number of parameters: 7.075252e+07
Pretrained weights loaded.
--- Processing Seed 3 ---
Goal Config: [0.55 0.15 0.1 ] and [0.58 0.3  0.1 ]
Legibility Diffuser: no success.
number of parameters: 7.075252e+07
number of parameters: 7.075252e+07
Pretrained weights loaded.
--- Processing Seed 4 ---
Goal Config: [ 0.5 -0.1  0.1] and [0.65 0.3  0.1 ]
number of parameters: 7.075252e+07
number of parameters: 7.075252e+07
Pretrained weights loaded.
--- Processing Seed 5 ---
Goal Config: [ 0.4 -0.3  0.1] and [0.6 0.3 0.1]
Legibility Diffuser: no success.
Legibility Diffuser: no success.
number of parameters: 7.075252e+07
number of parameters: 7.075252e+07
Pretrained weights loaded.
--- Processing Seed 6 ---
Goal Config: [0.4 0.3 0.1] and [ 0.4 -0.3  0.1]
Diffusion Policy: no success.
Legibility Diffuser: no success.
Diffusion Policy: no success.

==================================================
FINAL AGGREGATED RESULTS (Across 6 Goal Configs)
==================================================

================================================================================
SPLIT ANALYSIS: Configs 1-3 vs Configs 4-6
================================================================================

--- Success Rates ---
Method               | Configs 1-3 (Mean +/- Std)   | Configs 4-6 (Mean +/- Std)  
----------------------------------------------------------------------------------
SANS cond            | 0.9778 +/- 0.0314              | 0.9778 +/- 0.0314
l_FiLM               | 0.9889 +/- 0.0157              | 1.0000 +/- 0.0000
p_FiLM               | 1.0000 +/- 0.0000              | 1.0000 +/- 0.0000
Legibility Diff      | 0.9889 +/- 0.0157              | 0.9667 +/- 0.0272

--- Normalized Distances to negative goal ---
Method               | Configs 1-3 (Mean +/- Std)   | Configs 4-6 (Mean +/- Std)  
----------------------------------------------------------------------------------
SANS cond            | 21.8893 +/- 9.0213              | 2.6928 +/- 0.2254
l_FiLM               | 23.0888 +/- 9.2322              | 2.9515 +/- 0.2992
p_FiLM               | 21.5677 +/- 8.7768              | 2.6425 +/- 0.2215
Legibility Diff      | 24.9044 +/- 10.2840              | 3.1042 +/- 0.2623

--- Normalized Efficiencies ---
Method               | Configs 1-3 (Mean +/- Std)   | Configs 4-6 (Mean +/- Std)  
----------------------------------------------------------------------------------
SANS cond            | 0.6702 +/- 0.0509              | 0.6290 +/- 0.0645
l_FiLM               | 0.4727 +/- 0.0708              | 0.5304 +/- 0.0991
p_FiLM               | 0.9195 +/- 0.0329              | 0.8383 +/- 0.0832
Legibility Diff      | 0.1445 +/- 0.1268              | 0.3142 +/- 0.2602
